feature_2/build/intermediates/manifest_merge_blame_file/debug/manifest-merger-blame-debug-report.txt
1<?xml version="1.0" encoding="utf-8"?>
2<manifest xmlns:android="http://schemas.android.com/apk/res/android"
3    package="com.example.diexample.feature_2" >
4
5    <uses-sdk android:minSdkVersion="1" />
5-->src/main/AndroidManifest.xml
6
7    <application>
7-->src/main/AndroidManifest.xml:5:5-7:19
8        <activity android:name="com.example.diexample.feature_2.ui.ActivitySecondFeature" />
8-->src/main/AndroidManifest.xml:6:9-61
8-->src/main/AndroidManifest.xml:6:19-59
9    </application>
10
11</manifest>